/usr/local/share/ghdl/bin/ghdl -i --ieee=synopsys -fexplicit --workdir=build --work=work ../src/cpu.vhd
/usr/local/share/ghdl/bin/ghdl -m --ieee=synopsys -fexplicit --workdir=build -Pbuild --work=work cpu
/usr/local/share/ghdl/bin/ghdl -r --ieee=synopsys -fexplicit --workdir=build -Pbuild --work=work cpu --vpi=/homes/eva/xp/xpator00/inp24-projekt1/env/lib/python3.8/site-packages/cocotb/libs/libcocotbvpi_ghdl.so --wave=build/wave.ghw 
     -.--ns INFO     gpi                                ..mbed/gpi_embed.cpp:109  in set_program_name_in_venv        Using Python virtual environment interpreter at /homes/eva/xp/xpator00/inp24-projekt1/env/bin/python
     -.--ns INFO     gpi                                ../gpi/GpiCommon.cpp:101  in gpi_print_registered_impl       VPI registered
     0.00ns INFO     cocotb                             Running on GHDL version 2.0.0 (tarball) [Dunoon edition]
     0.00ns INFO     cocotb                             Running tests with cocotb v1.7.1 from /homes/eva/xp/xpator00/inp24-projekt1/env/lib/python3.8/site-packages/cocotb
     0.00ns INFO     cocotb                             Seeding Python random module with 1731340236
     0.00ns INFO     cocotb.hexdigest                   lib: 47382bf4ccf309a0c56cb33a5e15d78e
     0.00ns INFO     cocotb.regression                  Found test cpu.test_reset
     0.00ns INFO     cocotb.regression                  Found test cpu.test_init
     0.00ns INFO     cocotb.regression                  Found test cpu.test_increment
     0.00ns INFO     cocotb.regression                  Found test cpu.test_decrement
     0.00ns INFO     cocotb.regression                  Found test cpu.test_move
     0.00ns INFO     cocotb.regression                  Found test cpu.test_print
     0.00ns INFO     cocotb.regression                  Found test cpu.test_input
     0.00ns INFO     cocotb.regression                  Found test cpu.test_while_loop
     0.00ns INFO     cocotb.regression                  Found test cpu.test_tmp
     0.00ns INFO     cocotb.regression                  Found test cpu.test_login_xpator00
     0.00ns INFO     cocotb.regression                  running test_reset (1/10)
     0.00ns INFO     cocotb.hexdigest                   test: aea2ef5c73382bc1e2291241aaaa0b09
    51.00ns INFO     cocotb.regression                  test_reset passed
    51.00ns INFO     cocotb.regression                  running test_init (2/10)
                                                          Procesor initialization test
    51.00ns INFO     cocotb.hexdigest                   test: 00b57af6c96efc5c7ad71b0bc22aea3e
    52.00ns INFO     cocotb.hexdigest                   code: 420cd9f16e90b08dbdf5195fdd9d0f62 len: 1
   161.00ns INFO     cocotb.hexdigest                   result: 420cd9f16e90b08dbdf5195fdd9d0f62
   161.00ns INFO     cocotb.regression                  test_init passed
   161.00ns INFO     cocotb.regression                  running test_increment (3/10)
                                                          Increment value of the first memory cell, i.e. *ptr++
   161.00ns INFO     cocotb.hexdigest                   test: 93050b8fa6ed83818087cbd71098e159
   162.00ns INFO     cocotb.hexdigest                   code: 83fdb8859bf9b7036a839b918e308b60 len: 4
   421.00ns INFO     cocotb.hexdigest                   result: 08a9e9c47976e0116dfa992853b8e023
   421.00ns INFO     cocotb.regression                  test_increment passed
   421.00ns INFO     cocotb.regression                  running test_decrement (4/10)
                                                          Decrement value of the first memory cell, i.e. *ptr--
   421.00ns INFO     cocotb.hexdigest                   test: 6a178994f078fd59e0f0f638489dcb67
   422.00ns INFO     cocotb.hexdigest                   code: 0772f54a199d95c25fff832f480c9d84 len: 4
   681.00ns INFO     cocotb.hexdigest                   result: cd6b8633aedcb944cec479ecee67bfa8
   681.00ns INFO     cocotb.regression                  test_decrement passed
   681.00ns INFO     cocotb.regression                  running test_move (5/10)
                                                          Move the pointer to the next cell and increment its value
   681.00ns INFO     cocotb.hexdigest                   test: 22af897dde3c3cd71c1cf50eff99f185
   682.00ns INFO     cocotb.hexdigest                   code: 7c1cd3f96fc2c2ff2e089c27cfda24b6 len: 3
   881.00ns INFO     cocotb.hexdigest                   result: 7efbf0ee85c154b96298cc5edbbd2370
   881.00ns INFO     cocotb.regression                  test_move passed
   881.00ns INFO     cocotb.regression                  running test_print (6/10)
                                                          Print data to the output, i.e. putchar(*ptr)
   881.00ns INFO     cocotb.hexdigest                   test: d5fdcf0a377aabeecb9ca39afe622b14
   882.00ns INFO     cocotb.hexdigest                   code: b265746fe722436c7a1a1d8de199b058 len: 4
  2101.00ns INFO     cocotb.hexdigest                   result: b265746fe722436c7a1a1d8de199b058
  2101.00ns INFO     cocotb.regression                  test_print passed
  2101.00ns INFO     cocotb.regression                  running test_input (7/10)
                                                          Load data from the input, i.e. *ptr=getchar()
  2101.00ns INFO     cocotb.hexdigest                   test: c00015078daa1a70bc6a2bf0b1c4c32a
  2102.00ns INFO     cocotb.hexdigest                   code: d3fac245532f03964cd19007b2032729 len: 4
  3371.00ns INFO     cocotb.hexdigest                   result: 2ed967e2be16e52843468f1408cb360b
  3372.00ns INFO     cocotb.hexdigest                   code: d3fac245532f03964cd19007b2032729 len: 4
  4641.00ns INFO     cocotb.hexdigest                   result: e816e9d618b24eaf2f916252df61b844
  4641.00ns INFO     cocotb.regression                  test_input passed
  4641.00ns INFO     cocotb.regression                  running test_while_loop (8/10)
                                                          Simple while loop test
  4641.00ns INFO     cocotb.hexdigest                   test: e21e6c44897715b097dc9697e6ac3110
  4642.00ns INFO     cocotb.hexdigest                   code: dc8bee53ab9c57eaa957fd0fe2002e38 len: 5
  4911.00ns INFO     cocotb.hexdigest                   result: 9dddec5bed5c9a0ff546a60cc4a8e32e
  4911.00ns INFO     cocotb.regression                  test_while_loop failed
                                                        Traceback (most recent call last):
                                                          File "/homes/eva/xp/xpator00/inp24-projekt1/zadani/test/scripts/cpu_lib.py", line 276, in fff
                                                            return await fg(dut)
                                                          File "/homes/eva/xp/xpator00/inp24-projekt1/zadani/test/cpu.py", line 78, in test_while_loop
                                                            assert mem[5] == 0
                                                        AssertionError: assert 2 == 0
  4911.00ns INFO     cocotb.regression                  running test_tmp (9/10)
                                                          Simple temp register test
  4911.00ns INFO     cocotb.hexdigest                   test: 3a7a69148a632c34617d96e24d235aec
  4912.00ns INFO     cocotb.hexdigest                   code: 77503a20e66588894e22aab0fb92677f len: 6
  5251.00ns INFO     cocotb.hexdigest                   result: 113109baee22aa0931dc868abea67554
  5251.00ns INFO     cocotb.regression                  test_tmp failed
                                                        Traceback (most recent call last):
                                                          File "/homes/eva/xp/xpator00/inp24-projekt1/zadani/test/scripts/cpu_lib.py", line 276, in fff
                                                            return await fg(dut)
                                                          File "/homes/eva/xp/xpator00/inp24-projekt1/zadani/test/cpu.py", line 86, in test_tmp
                                                            assert mem[6] == 1
                                                        AssertionError: assert 36 == 1
  5251.00ns INFO     cocotb.regression                  running test_login_xpator00 (10/10)
                                                          Executes program in login.b file
  5251.00ns INFO     cocotb.hexdigest                   test: 84522a61f88ef9bebc4efa9734f058e6
  5252.00ns INFO     cocotb.hexdigest                   code: 101f6e4f6d27065a0552591ea72ccc05 len: 599
 35021.00ns INFO     cocotb.hexdigest                   result: c78ec37905f88485468b8d3056f1a5bb
 35021.00ns INFO     cocotb.regression                  test_login_xpator00 passed
 35021.00ns INFO     cocotb.regression                  ***************************************************************************************
                                                        ** TEST                           STATUS  SIM TIME (ns)  REAL TIME (s)  RATIO (ns/s) **
                                                        ***************************************************************************************
                                                        ** cpu.test_reset                  PASS          51.00           0.00      16242.18  **
                                                        ** cpu.test_init                   PASS         110.00           0.01      13654.55  **
                                                        ** cpu.test_increment              PASS         260.00           0.01      19055.69  **
                                                        ** cpu.test_decrement              PASS         260.00           0.01      18608.90  **
                                                        ** cpu.test_move                   PASS         200.00           0.01      17647.22  **
                                                        ** cpu.test_print                  PASS        1220.00           0.04      28130.19  **
                                                        ** cpu.test_input                  PASS        2540.00           0.10      25471.14  **
                                                        ** cpu.test_while_loop             FAIL         270.00           0.01      18962.54  **
                                                        ** cpu.test_tmp                    FAIL         340.00           0.02      19531.90  **
                                                        ** cpu.test_login_xpator00         PASS       29770.00           1.25      23822.76  **
                                                        ***************************************************************************************
                                                        ** TESTS=10 PASS=8 FAIL=2 SKIP=0              35021.00           1.71      20466.08  **
                                                        ***************************************************************************************
                                                        
